<?xml version="1.0" encoding="utf-8"?><testsuites><testsuite errors="0" failures="0" hostname="diamond" name="pytest" skipped="0" tests="15" time="4.476" timestamp="2020-04-07T09:49:04.566388"><testcase classname="src.sdk3.bonsai3-py.src.sdk3.bonsai3-py.tests.test_config" file="src/sdk3/bonsai3-py/tests/test_config.py" line="9" name="test_default_config" time="2.013"></testcase><testcase classname="src.sdk3.bonsai3-py.src.sdk3.bonsai3-py.tests.test_config" file="src/sdk3/bonsai3-py/tests/test_config.py" line="14" name="test_config_reads_env_vars" time="0.005"></testcase><testcase classname="src.sdk3.bonsai3-py.src.sdk3.bonsai3-py.tests.test_config" file="src/sdk3/bonsai3-py/tests/test_config.py" line="25" name="test_config_reads_args" time="0.003"></testcase><testcase classname="src.sdk3.bonsai3-py.src.sdk3.bonsai3-py.tests.test_simulator_protocol" file="src/sdk3/bonsai3-py/tests/test_simulator_protocol.py" line="60" name="test_simulator_event_constructor" time="0.002"></testcase><testcase classname="src.sdk3.bonsai3-py.src.sdk3.bonsai3-py.tests.test_simulator_session" file="src/sdk3/bonsai3-py/tests/test_simulator_session.py" line="14" name="test_http_req_raises_error_request_exception" time="0.016"></testcase><testcase classname="src.sdk3.bonsai3-py.src.sdk3.bonsai3-py.tests.test_simulator_session" file="src/sdk3/bonsai3-py/tests/test_simulator_session.py" line="20" name="test_401_error_registration" time="0.049"></testcase><testcase classname="src.sdk3.bonsai3-py.src.sdk3.bonsai3-py.tests.test_simulator_session" file="src/sdk3/bonsai3-py/tests/test_simulator_session.py" line="25" name="test_403_error_registration" time="0.015"></testcase><testcase classname="src.sdk3.bonsai3-py.src.sdk3.bonsai3-py.tests.test_simulator_session" file="src/sdk3/bonsai3-py/tests/test_simulator_session.py" line="30" name="test_502_raises_retry_exception" time="0.017"></testcase><testcase classname="src.sdk3.bonsai3-py.src.sdk3.bonsai3-py.tests.test_simulator_session" file="src/sdk3/bonsai3-py/tests/test_simulator_session.py" line="36" name="test_503_raises_retry_exception" time="0.015"></testcase><testcase classname="src.sdk3.bonsai3-py.src.sdk3.bonsai3-py.tests.test_simulator_session" file="src/sdk3/bonsai3-py/tests/test_simulator_session.py" line="42" name="test_504_raises_retry_exception" time="0.016"></testcase><testcase classname="src.sdk3.bonsai3-py.src.sdk3.bonsai3-py.tests.test_simulator_session" file="src/sdk3/bonsai3-py/tests/test_simulator_session.py" line="48" name="test_training" time="1.173"></testcase><testcase classname="src.sdk3.bonsai3-py.src.sdk3.bonsai3-py.tests.test_simulator_session" file="src/sdk3/bonsai3-py/tests/test_simulator_session.py" line="55" name="test_flaky_sim" time="0.915"></testcase><testcase classname="src.sdk3.bonsai3-py.src.sdk3.bonsai3-py.tests.test_simulator_session" file="src/sdk3/bonsai3-py/tests/test_simulator_session.py" line="65" name="test_500_err_sim" time="0.034"></testcase><testcase classname="src.sdk3.bonsai3-py.src.sdk3.bonsai3-py.tests.test_simulator_session" file="src/sdk3/bonsai3-py/tests/test_simulator_session.py" line="74" name="test_unregister_only_called_once" time="0.032"></testcase><testcase classname="src.sdk3.bonsai3-py.src.sdk3.bonsai3-py.tests.test_simulator_session" file="src/sdk3/bonsai3-py/tests/test_simulator_session.py" line="85" name="test_http_req_timeout_error_raises_retry_exception" time="0.010"></testcase></testsuite></testsuites>